<?xml version="1.0" encoding="UTF-8"?>
<!-- Generated by org.testng.reporters.JUnitXMLReporter -->
<testsuite hostname="DESKTOP-SD5V08D" ignored="0" name="Test" tests="24" failures="1" timestamp="24 Nov 2021 05:14:13 GMT" time="74.509" errors="0">
  <testcase name="verfiyHeading" time="0.059" classname="com.jbk.tests.LoginPageTest"/>
  <testcase name="verfiyLogo" time="0.083" classname="com.jbk.tests.LoginPageTest"/>
  <testcase name="verifyAdddingNewMember" time="0.533" classname="com.jbk.tests.LoginPageTest"/>
  <testcase name="verifyEmailPlaceholder" time="0.036" classname="com.jbk.tests.LoginPageTest"/>
  <testcase name="verifyInfoMessage" time="0.036" classname="com.jbk.tests.LoginPageTest"/>
  <testcase name="verifyNewMemberLink" time="0.039" classname="com.jbk.tests.LoginPageTest"/>
  <testcase name="verifyPassordPlaceholder" time="0.05" classname="com.jbk.tests.LoginPageTest"/>
  <testcase name="verifyRegisterNewMember" time="0.224" classname="com.jbk.tests.LoginPageTest"/>
  <testcase name="verifySubHeading" time="0.062" classname="com.jbk.tests.LoginPageTest"/>
  <testcase name="verifyValidLogin" time="1.873" classname="com.jbk.tests.LoginPageTest"/>
  <testcase name="homeLink" time="0.123" classname="com.jbk.tests.DashboardPageTest"/>
  <testcase name="verfiylogoutLink" time="0.249" classname="com.jbk.tests.DashboardPageTest"/>
  <testcase name="verifyCourses" time="0.212" classname="com.jbk.tests.DashboardPageTest"/>
  <testcase name="verifyCoursesList" time="0.142" classname="com.jbk.tests.DashboardPageTest"/>
  <testcase name="verifyImage" time="0.064" classname="com.jbk.tests.DashboardPageTest"/>
  <testcase name="verifyMenuInfo" time="0.0" classname="com.jbk.tests.DashboardPageTest"/>
  <testcase name="verifyMenuList" time="0.107" classname="com.jbk.tests.DashboardPageTest"/>
  <testcase name="countState" time="0.024" classname="com.jbk.tests.UserPageTest"/>
  <testcase name="countUser" time="0.036" classname="com.jbk.tests.UserPageTest"/>
  <testcase name="verfiyAddUser" time="0.538" classname="com.jbk.tests.UserPageTest">
    <failure type="org.openqa.selenium.NoSuchElementException" message="no such element: Unable to locate element: {&amp;quot;method&amp;quot;:&amp;quot;xpath&amp;quot;,&amp;quot;selector&amp;quot;:&amp;quot;/input[@placeholder=&amp;apos;Password&amp;apos;]&amp;quot;}
  (Session info: chrome=95.0.4638.54)
For documentation on this error, please visit: https://www.seleniumhq.org/exceptions/no_such_element.html
Build info: version: &amp;apos;3.141.59&amp;apos;, revision: &amp;apos;e82be7d358&amp;apos;, time: &amp;apos;2018-11-14T08:17:03&amp;apos;
System info: host: &amp;apos;DESKTOP-SD5V08D&amp;apos;, ip: &amp;apos;192.168.56.12&amp;apos;, os.name: &amp;apos;Windows 10&amp;apos;, os.arch: &amp;apos;amd64&amp;apos;, os.version: &amp;apos;10.0&amp;apos;, java.version: &amp;apos;1.8.0_144&amp;apos;
Driver info: org.openqa.selenium.chrome.ChromeDriver
Capabilities {acceptInsecureCerts: false, browserName: chrome, browserVersion: 95.0.4638.54, chrome: {chromedriverVersion: 95.0.4638.69 (6a1600ed572fe..., userDataDir: C:\Users\rahul\AppData\Loca...}, goog:chromeOptions: {debuggerAddress: localhost:54885}, javascriptEnabled: true, networkConnectionEnabled: false, pageLoadStrategy: normal, platform: WINDOWS, platformName: WINDOWS, proxy: Proxy(), setWindowRect: true, strictFileInteractability: false, timeouts: {implicit: 0, pageLoad: 300000, script: 30000}, unhandledPromptBehavior: dismiss and notify, webauthn:extension:credBlob: true, webauthn:extension:largeBlob: true, webauthn:virtualAuthenticators: true}
Session ID: 9e564f39713db7c6cf60243321d44dd2
*** Element info: {Using=xpath, value=/input[@placeholder=&amp;apos;Password&amp;apos;]}">
      <![CDATA[org.openqa.selenium.NoSuchElementException: no such element: Unable to locate element: {"method":"xpath","selector":"/input[@placeholder='Password']"}
  (Session info: chrome=95.0.4638.54)
For documentation on this error, please visit: https://www.seleniumhq.org/exceptions/no_such_element.html
Build info: version: '3.141.59', revision: 'e82be7d358', time: '2018-11-14T08:17:03'
System info: host: 'DESKTOP-SD5V08D', ip: '192.168.56.12', os.name: 'Windows 10', os.arch: 'amd64', os.version: '10.0', java.version: '1.8.0_144'
Driver info: org.openqa.selenium.chrome.ChromeDriver
Capabilities {acceptInsecureCerts: false, browserName: chrome, browserVersion: 95.0.4638.54, chrome: {chromedriverVersion: 95.0.4638.69 (6a1600ed572fe..., userDataDir: C:\Users\rahul\AppData\Loca...}, goog:chromeOptions: {debuggerAddress: localhost:54885}, javascriptEnabled: true, networkConnectionEnabled: false, pageLoadStrategy: normal, platform: WINDOWS, platformName: WINDOWS, proxy: Proxy(), setWindowRect: true, strictFileInteractability: false, timeouts: {implicit: 0, pageLoad: 300000, script: 30000}, unhandledPromptBehavior: dismiss and notify, webauthn:extension:credBlob: true, webauthn:extension:largeBlob: true, webauthn:virtualAuthenticators: true}
Session ID: 9e564f39713db7c6cf60243321d44dd2
*** Element info: {Using=xpath, value=/input[@placeholder='Password']}
at org.openqa.selenium.remote.http.W3CHttpResponseCodec.createException(W3CHttpResponseCodec.java:187)
at org.openqa.selenium.remote.http.W3CHttpResponseCodec.decode(W3CHttpResponseCodec.java:122)
at org.openqa.selenium.remote.http.W3CHttpResponseCodec.decode(W3CHttpResponseCodec.java:49)
at org.openqa.selenium.remote.HttpCommandExecutor.execute(HttpCommandExecutor.java:158)
at org.openqa.selenium.remote.service.DriverCommandExecutor.execute(DriverCommandExecutor.java:83)
at org.openqa.selenium.remote.RemoteWebDriver.execute(RemoteWebDriver.java:552)
at org.openqa.selenium.remote.RemoteWebDriver.findElement(RemoteWebDriver.java:323)
at org.openqa.selenium.remote.RemoteWebDriver.findElementByXPath(RemoteWebDriver.java:428)
at org.openqa.selenium.By$ByXPath.findElement(By.java:353)
at org.openqa.selenium.remote.RemoteWebDriver.findElement(RemoteWebDriver.java:315)
at org.openqa.selenium.support.pagefactory.DefaultElementLocator.findElement(DefaultElementLocator.java:69)
at org.openqa.selenium.support.pagefactory.internal.LocatingElementHandler.invoke(LocatingElementHandler.java:38)
at com.sun.proxy.$Proxy7.sendKeys(Unknown Source)
at com.jbk.pages.UserPage.verfiyAddUser(UserPage.java:59)
at com.jbk.tests.UserPageTest.verfiyAddUser(UserPageTest.java:44)
... Removed 33 stack frames]]>
    </failure>
  </testcase> <!-- verfiyAddUser -->
  <testcase name="verifyDeleteAction" time="0.126" classname="com.jbk.tests.UserPageTest"/>
  <testcase name="verifyLabelOfAddUser" time="0.407" classname="com.jbk.tests.UserPageTest"/>
  <testcase name="verifyStateList" time="0.279" classname="com.jbk.tests.UserPageTest"/>
  <testcase name="verifyTableHeading" time="0.169" classname="com.jbk.tests.UserPageTest"/>
</testsuite> <!-- Test -->
