<html>
<head>
<title>TestNG:  Test</title>
<link href="../testng.css" rel="stylesheet" type="text/css" />
<link href="../my-testng.css" rel="stylesheet" type="text/css" />

<style type="text/css">
.log { display: none;} 
.stack-trace { display: none;} 
</style>
<script type="text/javascript">
<!--
function flip(e) {
  current = e.style.display;
  if (current == 'block') {
    e.style.display = 'none';
    return 0;
  }
  else {
    e.style.display = 'block';
    return 1;
  }
}

function toggleBox(szDivId, elem, msg1, msg2)
{
  var res = -1;  if (document.getElementById) {
    res = flip(document.getElementById(szDivId));
  }
  else if (document.all) {
    // this is the way old msie versions work
    res = flip(document.all[szDivId]);
  }
  if(elem) {
    if(res == 0) elem.innerHTML = msg1; else elem.innerHTML = msg2;
  }

}

function toggleAllBoxes() {
  if (document.getElementsByTagName) {
    d = document.getElementsByTagName('div');
    for (i = 0; i < d.length; i++) {
      if (d[i].className == 'log') {
        flip(d[i]);
      }
    }
  }
}

// -->
</script>

</head>
<body>
<h2 align='center'>Test</h2><table border='1' align="center">
<tr>
<td>Tests passed/Failed/Skipped:</td><td>23/1/0</td>
</tr><tr>
<td>Started on:</td><td>Wed Nov 24 10:42:58 IST 2021</td>
</tr>
<tr><td>Total time:</td><td>74 seconds (74509 ms)</td>
</tr><tr>
<td>Included groups:</td><td></td>
</tr><tr>
<td>Excluded groups:</td><td></td>
</tr>
</table><p/>
<small><i>(Hover the method name to see the test class name)</i></small><p/>
<table width='100%' border='1' class='invocation-failed'>
<tr><td colspan='4' align='center'><b>FAILED TESTS</b></td></tr>
<tr><td><b>Test method</b></td>
<td width="30%"><b>Exception</b></td>
<td width="10%"><b>Time (seconds)</b></td>
<td><b>Instance</b></td>
</tr>
<tr>
<td title='com.jbk.tests.UserPageTest.verfiyAddUser()'><b>verfiyAddUser</b><br>Test class: com.jbk.tests.UserPageTest</td>
<td><div><pre>org.openqa.selenium.NoSuchElementException: no such element: Unable to locate element: {&quot;method&quot;:&quot;xpath&quot;,&quot;selector&quot;:&quot;/input[@placeholder=&apos;Password&apos;]&quot;}
  (Session info: chrome=95.0.4638.54)
For documentation on this error, please visit: https://www.seleniumhq.org/exceptions/no_such_element.html
Build info: version: &apos;3.141.59&apos;, revision: &apos;e82be7d358&apos;, time: &apos;2018-11-14T08:17:03&apos;
System info: host: &apos;DESKTOP-SD5V08D&apos;, ip: &apos;192.168.56.12&apos;, os.name: &apos;Windows 10&apos;, os.arch: &apos;amd64&apos;, os.version: &apos;10.0&apos;, java.version: &apos;1.8.0_144&apos;
Driver info: org.openqa.selenium.chrome.ChromeDriver
Capabilities {acceptInsecureCerts: false, browserName: chrome, browserVersion: 95.0.4638.54, chrome: {chromedriverVersion: 95.0.4638.69 (6a1600ed572fe..., userDataDir: C:\Users\rahul\AppData\Loca...}, goog:chromeOptions: {debuggerAddress: localhost:54885}, javascriptEnabled: true, networkConnectionEnabled: false, pageLoadStrategy: normal, platform: WINDOWS, platformName: WINDOWS, proxy: Proxy(), setWindowRect: true, strictFileInteractability: false, timeouts: {implicit: 0, pageLoad: 300000, script: 30000}, unhandledPromptBehavior: dismiss and notify, webauthn:extension:credBlob: true, webauthn:extension:largeBlob: true, webauthn:virtualAuthenticators: true}
Session ID: 9e564f39713db7c6cf60243321d44dd2
*** Element info: {Using=xpath, value=/input[@placeholder=&apos;Password&apos;]}
	at org.openqa.selenium.remote.http.W3CHttpResponseCodec.createException(W3CHttpResponseCodec.java:187)
	at org.openqa.selenium.remote.http.W3CHttpResponseCodec.decode(W3CHttpResponseCodec.java:122)
	at org.openqa.selenium.remote.http.W3CHttpResponseCodec.decode(W3CHttpResponseCodec.java:49)
	at org.openqa.selenium.remote.HttpCommandExecutor.execute(HttpCommandExecutor.java:158)
	at org.openqa.selenium.remote.service.DriverCommandExecutor.execute(DriverCommandExecutor.java:83)
	at org.openqa.selenium.remote.RemoteWebDriver.execute(RemoteWebDriver.java:552)
	at org.openqa.selenium.remote.RemoteWebDriver.findElement(RemoteWebDriver.java:323)
	at org.openqa.selenium.remote.RemoteWebDriver.findElementByXPath(RemoteWebDriver.java:428)
	at org.openqa.selenium.By$ByXPath.findElement(By.java:353)
	at org.openqa.selenium.remote.RemoteWebDriver.findElement(RemoteWebDriver.java:315)
	at org.openqa.selenium.support.pagefactory.DefaultElementLocator.findElement(DefaultElementLocator.java:69)
	at org.openqa.selenium.support.pagefactory.internal.LocatingElementHandler.invoke(LocatingElementHandler.java:38)
	at com.sun.proxy.$Proxy7.sendKeys(Unknown Source)
	at com.jbk.pages.UserPage.verfiyAddUser(UserPage.java:59)
	at com.jbk.tests.UserPageTest.verfiyAddUser(UserPageTest.java:44)
... Removed 33 stack frames</pre></div><a href='#' onClick='toggleBox("stack-trace2063275841", this, "Click to show all stack frames", "Click to hide stack frames")'>Click to show all stack frames</a>
<div class='stack-trace' id='stack-trace2063275841'><pre>org.openqa.selenium.NoSuchElementException: no such element: Unable to locate element: {&quot;method&quot;:&quot;xpath&quot;,&quot;selector&quot;:&quot;/input[@placeholder=&apos;Password&apos;]&quot;}
  (Session info: chrome=95.0.4638.54)
For documentation on this error, please visit: https://www.seleniumhq.org/exceptions/no_such_element.html
Build info: version: &apos;3.141.59&apos;, revision: &apos;e82be7d358&apos;, time: &apos;2018-11-14T08:17:03&apos;
System info: host: &apos;DESKTOP-SD5V08D&apos;, ip: &apos;192.168.56.12&apos;, os.name: &apos;Windows 10&apos;, os.arch: &apos;amd64&apos;, os.version: &apos;10.0&apos;, java.version: &apos;1.8.0_144&apos;
Driver info: org.openqa.selenium.chrome.ChromeDriver
Capabilities {acceptInsecureCerts: false, browserName: chrome, browserVersion: 95.0.4638.54, chrome: {chromedriverVersion: 95.0.4638.69 (6a1600ed572fe..., userDataDir: C:\Users\rahul\AppData\Loca...}, goog:chromeOptions: {debuggerAddress: localhost:54885}, javascriptEnabled: true, networkConnectionEnabled: false, pageLoadStrategy: normal, platform: WINDOWS, platformName: WINDOWS, proxy: Proxy(), setWindowRect: true, strictFileInteractability: false, timeouts: {implicit: 0, pageLoad: 300000, script: 30000}, unhandledPromptBehavior: dismiss and notify, webauthn:extension:credBlob: true, webauthn:extension:largeBlob: true, webauthn:virtualAuthenticators: true}
Session ID: 9e564f39713db7c6cf60243321d44dd2
*** Element info: {Using=xpath, value=/input[@placeholder=&apos;Password&apos;]}
	at sun.reflect.NativeConstructorAccessorImpl.newInstance0(Native Method)
	at sun.reflect.NativeConstructorAccessorImpl.newInstance(NativeConstructorAccessorImpl.java:62)
	at sun.reflect.DelegatingConstructorAccessorImpl.newInstance(DelegatingConstructorAccessorImpl.java:45)
	at java.lang.reflect.Constructor.newInstance(Constructor.java:423)
	at org.openqa.selenium.remote.http.W3CHttpResponseCodec.createException(W3CHttpResponseCodec.java:187)
	at org.openqa.selenium.remote.http.W3CHttpResponseCodec.decode(W3CHttpResponseCodec.java:122)
	at org.openqa.selenium.remote.http.W3CHttpResponseCodec.decode(W3CHttpResponseCodec.java:49)
	at org.openqa.selenium.remote.HttpCommandExecutor.execute(HttpCommandExecutor.java:158)
	at org.openqa.selenium.remote.service.DriverCommandExecutor.execute(DriverCommandExecutor.java:83)
	at org.openqa.selenium.remote.RemoteWebDriver.execute(RemoteWebDriver.java:552)
	at org.openqa.selenium.remote.RemoteWebDriver.findElement(RemoteWebDriver.java:323)
	at org.openqa.selenium.remote.RemoteWebDriver.findElementByXPath(RemoteWebDriver.java:428)
	at org.openqa.selenium.By$ByXPath.findElement(By.java:353)
	at org.openqa.selenium.remote.RemoteWebDriver.findElement(RemoteWebDriver.java:315)
	at org.openqa.selenium.support.pagefactory.DefaultElementLocator.findElement(DefaultElementLocator.java:69)
	at org.openqa.selenium.support.pagefactory.internal.LocatingElementHandler.invoke(LocatingElementHandler.java:38)
	at com.sun.proxy.$Proxy7.sendKeys(Unknown Source)
	at com.jbk.pages.UserPage.verfiyAddUser(UserPage.java:59)
	at com.jbk.tests.UserPageTest.verfiyAddUser(UserPageTest.java:44)
	at sun.reflect.NativeMethodAccessorImpl.invoke0(Native Method)
	at sun.reflect.NativeMethodAccessorImpl.invoke(NativeMethodAccessorImpl.java:62)
	at sun.reflect.DelegatingMethodAccessorImpl.invoke(DelegatingMethodAccessorImpl.java:43)
	at java.lang.reflect.Method.invoke(Method.java:498)
	at org.testng.internal.MethodInvocationHelper.invokeMethod(MethodInvocationHelper.java:124)
	at org.testng.internal.Invoker.invokeMethod(Invoker.java:583)
	at org.testng.internal.Invoker.invokeTestMethod(Invoker.java:719)
	at org.testng.internal.Invoker.invokeTestMethods(Invoker.java:989)
	at org.testng.internal.TestMethodWorker.invokeTestMethods(TestMethodWorker.java:125)
	at org.testng.internal.TestMethodWorker.run(TestMethodWorker.java:109)
	at org.testng.TestRunner.privateRun(TestRunner.java:648)
	at org.testng.TestRunner.run(TestRunner.java:505)
	at org.testng.SuiteRunner.runTest(SuiteRunner.java:455)
	at org.testng.SuiteRunner.runSequentially(SuiteRunner.java:450)
	at org.testng.SuiteRunner.privateRun(SuiteRunner.java:415)
	at org.testng.SuiteRunner.run(SuiteRunner.java:364)
	at org.testng.SuiteRunnerWorker.runSuite(SuiteRunnerWorker.java:52)
	at org.testng.SuiteRunnerWorker.run(SuiteRunnerWorker.java:84)
	at org.testng.TestNG.runSuitesSequentially(TestNG.java:1208)
	at org.testng.TestNG.runSuitesLocally(TestNG.java:1137)
	at org.testng.TestNG.runSuites(TestNG.java:1049)
	at org.testng.TestNG.run(TestNG.java:1017)
	at org.apache.maven.surefire.testng.TestNGExecutor.run(TestNGExecutor.java:284)
	at org.apache.maven.surefire.testng.TestNGXmlTestSuite.execute(TestNGXmlTestSuite.java:75)
	at org.apache.maven.surefire.testng.TestNGProvider.invoke(TestNGProvider.java:119)
	at org.apache.maven.surefire.booter.ForkedBooter.runSuitesInProcess(ForkedBooter.java:428)
	at org.apache.maven.surefire.booter.ForkedBooter.execute(ForkedBooter.java:162)
	at org.apache.maven.surefire.booter.ForkedBooter.run(ForkedBooter.java:562)
	at org.apache.maven.surefire.booter.ForkedBooter.main(ForkedBooter.java:548)
</pre></div></td>
<td>0</td>
<td>com.jbk.tests.UserPageTest@7ac7a4e4</td></tr>
</table><p>
<table width='100%' border='1' class='invocation-passed'>
<tr><td colspan='4' align='center'><b>PASSED TESTS</b></td></tr>
<tr><td><b>Test method</b></td>
<td width="30%"><b>Exception</b></td>
<td width="10%"><b>Time (seconds)</b></td>
<td><b>Instance</b></td>
</tr>
<tr>
<td title='com.jbk.tests.UserPageTest.countState()'><b>countState</b><br>Test class: com.jbk.tests.UserPageTest</td>
<td></td>
<td>0</td>
<td>com.jbk.tests.UserPageTest@7ac7a4e4</td></tr>
<tr>
<td title='com.jbk.tests.UserPageTest.countUser()'><b>countUser</b><br>Test class: com.jbk.tests.UserPageTest</td>
<td></td>
<td>0</td>
<td>com.jbk.tests.UserPageTest@7ac7a4e4</td></tr>
<tr>
<td title='com.jbk.tests.DashboardPageTest.homeLink()'><b>homeLink</b><br>Test class: com.jbk.tests.DashboardPageTest</td>
<td></td>
<td>0</td>
<td>com.jbk.tests.DashboardPageTest@548b7f67</td></tr>
<tr>
<td title='com.jbk.tests.LoginPageTest.verfiyHeading()'><b>verfiyHeading</b><br>Test class: com.jbk.tests.LoginPageTest</td>
<td></td>
<td>0</td>
<td>com.jbk.tests.LoginPageTest@6d8a00e3</td></tr>
<tr>
<td title='com.jbk.tests.LoginPageTest.verfiyLogo()'><b>verfiyLogo</b><br>Test class: com.jbk.tests.LoginPageTest</td>
<td></td>
<td>0</td>
<td>com.jbk.tests.LoginPageTest@6d8a00e3</td></tr>
<tr>
<td title='com.jbk.tests.DashboardPageTest.verfiylogoutLink()'><b>verfiylogoutLink</b><br>Test class: com.jbk.tests.DashboardPageTest</td>
<td></td>
<td>0</td>
<td>com.jbk.tests.DashboardPageTest@548b7f67</td></tr>
<tr>
<td title='com.jbk.tests.LoginPageTest.verifyAdddingNewMember()'><b>verifyAdddingNewMember</b><br>Test class: com.jbk.tests.LoginPageTest</td>
<td></td>
<td>0</td>
<td>com.jbk.tests.LoginPageTest@6d8a00e3</td></tr>
<tr>
<td title='com.jbk.tests.DashboardPageTest.verifyCourses()'><b>verifyCourses</b><br>Test class: com.jbk.tests.DashboardPageTest</td>
<td></td>
<td>0</td>
<td>com.jbk.tests.DashboardPageTest@548b7f67</td></tr>
<tr>
<td title='com.jbk.tests.DashboardPageTest.verifyCoursesList()'><b>verifyCoursesList</b><br>Test class: com.jbk.tests.DashboardPageTest</td>
<td></td>
<td>0</td>
<td>com.jbk.tests.DashboardPageTest@548b7f67</td></tr>
<tr>
<td title='com.jbk.tests.UserPageTest.verifyDeleteAction()'><b>verifyDeleteAction</b><br>Test class: com.jbk.tests.UserPageTest</td>
<td></td>
<td>0</td>
<td>com.jbk.tests.UserPageTest@7ac7a4e4</td></tr>
<tr>
<td title='com.jbk.tests.LoginPageTest.verifyEmailPlaceholder()'><b>verifyEmailPlaceholder</b><br>Test class: com.jbk.tests.LoginPageTest</td>
<td></td>
<td>0</td>
<td>com.jbk.tests.LoginPageTest@6d8a00e3</td></tr>
<tr>
<td title='com.jbk.tests.DashboardPageTest.verifyImage()'><b>verifyImage</b><br>Test class: com.jbk.tests.DashboardPageTest</td>
<td></td>
<td>0</td>
<td>com.jbk.tests.DashboardPageTest@548b7f67</td></tr>
<tr>
<td title='com.jbk.tests.LoginPageTest.verifyInfoMessage()'><b>verifyInfoMessage</b><br>Test class: com.jbk.tests.LoginPageTest</td>
<td></td>
<td>0</td>
<td>com.jbk.tests.LoginPageTest@6d8a00e3</td></tr>
<tr>
<td title='com.jbk.tests.UserPageTest.verifyLabelOfAddUser()'><b>verifyLabelOfAddUser</b><br>Test class: com.jbk.tests.UserPageTest</td>
<td></td>
<td>0</td>
<td>com.jbk.tests.UserPageTest@7ac7a4e4</td></tr>
<tr>
<td title='com.jbk.tests.DashboardPageTest.verifyMenuInfo()'><b>verifyMenuInfo</b><br>Test class: com.jbk.tests.DashboardPageTest</td>
<td></td>
<td>0</td>
<td>com.jbk.tests.DashboardPageTest@548b7f67</td></tr>
<tr>
<td title='com.jbk.tests.DashboardPageTest.verifyMenuList()'><b>verifyMenuList</b><br>Test class: com.jbk.tests.DashboardPageTest</td>
<td></td>
<td>0</td>
<td>com.jbk.tests.DashboardPageTest@548b7f67</td></tr>
<tr>
<td title='com.jbk.tests.LoginPageTest.verifyNewMemberLink()'><b>verifyNewMemberLink</b><br>Test class: com.jbk.tests.LoginPageTest</td>
<td></td>
<td>0</td>
<td>com.jbk.tests.LoginPageTest@6d8a00e3</td></tr>
<tr>
<td title='com.jbk.tests.LoginPageTest.verifyPassordPlaceholder()'><b>verifyPassordPlaceholder</b><br>Test class: com.jbk.tests.LoginPageTest</td>
<td></td>
<td>0</td>
<td>com.jbk.tests.LoginPageTest@6d8a00e3</td></tr>
<tr>
<td title='com.jbk.tests.LoginPageTest.verifyRegisterNewMember()'><b>verifyRegisterNewMember</b><br>Test class: com.jbk.tests.LoginPageTest</td>
<td></td>
<td>0</td>
<td>com.jbk.tests.LoginPageTest@6d8a00e3</td></tr>
<tr>
<td title='com.jbk.tests.UserPageTest.verifyStateList()'><b>verifyStateList</b><br>Test class: com.jbk.tests.UserPageTest</td>
<td></td>
<td>0</td>
<td>com.jbk.tests.UserPageTest@7ac7a4e4</td></tr>
<tr>
<td title='com.jbk.tests.LoginPageTest.verifySubHeading()'><b>verifySubHeading</b><br>Test class: com.jbk.tests.LoginPageTest</td>
<td></td>
<td>0</td>
<td>com.jbk.tests.LoginPageTest@6d8a00e3</td></tr>
<tr>
<td title='com.jbk.tests.UserPageTest.verifyTableHeading()'><b>verifyTableHeading</b><br>Test class: com.jbk.tests.UserPageTest</td>
<td></td>
<td>0</td>
<td>com.jbk.tests.UserPageTest@7ac7a4e4</td></tr>
<tr>
<td title='com.jbk.tests.LoginPageTest.verifyValidLogin()'><b>verifyValidLogin</b><br>Test class: com.jbk.tests.LoginPageTest</td>
<td></td>
<td>1</td>
<td>com.jbk.tests.LoginPageTest@6d8a00e3</td></tr>
</table><p>
</body>
</html>